<?xml version="1.0" encoding="UTF-8"?>
<robot generator="Robot 3.2.2 (Python 3.9.0 on win32)" generated="20210120 17:25:18.626" rpa="true">
<suite id="s1" name="Tasks" source="F:\BISMILLAH_ROBOT\ROBOCORP\maria-weekly-task-rpa-\Tasks\tasks.robot">
<test id="s1-t1" name="Dowload excel file of sales report and fill the web page">
<kw name="Open Robotsparebin intranet">
<kw name="Open Available Browser" library="RPA.Browser">
<doc>Opens the first available browser in the system in preferred order, or the
given browser (``browser_selection``).</doc>
<arguments>
<arg>${robotsparebin_web_url}</arg>
</arguments>
<msg timestamp="20210120 17:25:19.671" level="INFO">Creating an instance of the Chrome WebDriver.</msg>
<msg timestamp="20210120 17:25:23.059" level="INFO">Created Chrome browser with arguments: --disable-dev-shm-usage --disable-web-security --allow-running-insecure-content --no-sandbox</msg>
<msg timestamp="20210120 17:25:23.059" level="INFO" html="yes">&lt;p&gt;Attempted combinations:&lt;/p&gt;&lt;div class="doc"&gt;&lt;table&gt;&lt;tr&gt;&lt;th&gt;Browser&lt;/th&gt;&lt;th&gt;Headless&lt;/th&gt;&lt;th&gt;Download&lt;/th&gt;&lt;th&gt;Error&lt;/th&gt;&lt;/tr&gt;&lt;tr&gt;&lt;td&gt;Chrome&lt;/td&gt;&lt;td&gt;False&lt;/td&gt;&lt;td&gt;False&lt;/td&gt;&lt;td&gt;&lt;/td&gt;&lt;/tr&gt;&lt;/table&gt;&lt;/div&gt;</msg>
<msg timestamp="20210120 17:25:23.060" level="INFO">Opening url 'https://robotsparebinindustries.com/'</msg>
<status status="PASS" starttime="20210120 17:25:19.671" endtime="20210120 17:25:25.124"></status>
</kw>
<kw name="Does Page Contain" library="RPA.Browser">
<doc>Does page contain expected text</doc>
<arguments>
<arg>The leader in refurbished and dubious quality spare parts for robots, since 1982!</arg>
</arguments>
<msg timestamp="20210120 17:25:25.170" level="INFO">Current page contains text 'The leader in refurbished and dubious quality spare parts for robots, since 1982!'.</msg>
<status status="PASS" starttime="20210120 17:25:25.124" endtime="20210120 17:25:25.170"></status>
</kw>
<status status="PASS" starttime="20210120 17:25:19.670" endtime="20210120 17:25:25.171"></status>
</kw>
<kw name="Login to Robotsparebin web page">
<kw name="Input Text When Element Is Visible" library="RPA.Browser">
<doc>Input text into locator after it has become visible.</doc>
<arguments>
<arg>css:input#username</arg>
<arg>${username}</arg>
</arguments>
<msg timestamp="20210120 17:25:25.247" level="INFO">Typing text 'maria' into text field 'css:input#username'.</msg>
<status status="PASS" starttime="20210120 17:25:25.173" endtime="20210120 17:25:25.525"></status>
</kw>
<kw name="Sleep" library="BuiltIn">
<doc>Pauses the test executed for the given time.</doc>
<arguments>
<arg>1 second</arg>
</arguments>
<msg timestamp="20210120 17:25:26.527" level="INFO">Slept 1 second</msg>
<status status="PASS" starttime="20210120 17:25:25.525" endtime="20210120 17:25:26.527"></status>
</kw>
<kw name="Input Text When Element Is Visible" library="RPA.Browser">
<doc>Input text into locator after it has become visible.</doc>
<arguments>
<arg>css:input#password</arg>
<arg>${password}</arg>
</arguments>
<msg timestamp="20210120 17:25:26.604" level="INFO">Typing text 'thoushallnotpass' into text field 'css:input#password'.</msg>
<status status="PASS" starttime="20210120 17:25:26.528" endtime="20210120 17:25:26.882"></status>
</kw>
<kw name="Sleep" library="BuiltIn">
<doc>Pauses the test executed for the given time.</doc>
<arguments>
<arg>1 second</arg>
</arguments>
<msg timestamp="20210120 17:25:27.883" level="INFO">Slept 1 second</msg>
<status status="PASS" starttime="20210120 17:25:26.882" endtime="20210120 17:25:27.883"></status>
</kw>
<kw name="Click Button When Visible" library="RPA.Browser">
<doc>Click button identified by ``locator``, once it becomes visible.</doc>
<arguments>
<arg>//*[@id="root"]/div/div/div/div[1]/form/button</arg>
</arguments>
<msg timestamp="20210120 17:25:27.906" level="INFO">Clicking button '//*[@id="root"]/div/div/div/div[1]/form/button'.</msg>
<status status="PASS" starttime="20210120 17:25:27.883" endtime="20210120 17:25:27.967"></status>
</kw>
<status status="PASS" starttime="20210120 17:25:25.172" endtime="20210120 17:25:27.967"></status>
</kw>
<kw name="Dowload and open excel file">
<kw name="Dowload and open excel file">
<arguments>
<arg>${exel_file_url}</arg>
</arguments>
<msg timestamp="20210120 17:25:27.968" level="FAIL">Keyword 'Dowload and open excel file' expected 0 arguments, got 1.</msg>
<status status="FAIL" starttime="20210120 17:25:27.968" endtime="20210120 17:25:27.968"></status>
</kw>
<status status="FAIL" starttime="20210120 17:25:27.967" endtime="20210120 17:25:27.968"></status>
</kw>
<tags>
<tag>accomplish maria task</tag>
</tags>
<status status="FAIL" starttime="20210120 17:25:19.670" endtime="20210120 17:25:27.968" critical="yes">Keyword 'Dowload and open excel file' expected 0 arguments, got 1.</status>
</test>
<doc>Acomplish maria weekly task that consist to download a file and fill a web page</doc>
<status status="FAIL" starttime="20210120 17:25:18.628" endtime="20210120 17:25:27.971"></status>
</suite>
<statistics>
<total>
<stat pass="0" fail="1">Critical Tasks</stat>
<stat pass="0" fail="1">All Tasks</stat>
</total>
<tag>
<stat pass="0" fail="1">accomplish maria task</stat>
</tag>
<suite>
<stat pass="0" fail="1" id="s1" name="Tasks">Tasks</stat>
</suite>
</statistics>
<errors>
<msg timestamp="20210120 17:25:18.990" level="WARN">This is a deprecated import that will be removed in favor of RPA.Browser.Selenium</msg>
</errors>
</robot>
