<?xml version="1.0" encoding="UTF-8"?>
<robot generator="Robot 3.2.2 (Python 3.9.0 on win32)" generated="20210121 11:28:31.181" rpa="true">
<suite id="s1" name="Tasks" source="F:\BISMILLAH_ROBOT\ROBOCORP\maria-weekly-task-rpa-\Tasks\tasks.robot">
<test id="s1-t1" name="Dowload excel file of sales report and fill the web page">
<kw name="Open Robotsparebin intranet">
<kw name="Open Available Browser" library="RPA.Browser">
<doc>Opens the first available browser in the system in preferred order, or the
given browser (``browser_selection``).</doc>
<arguments>
<arg>${robotsparebin_web_url}</arg>
</arguments>
<msg timestamp="20210121 11:28:32.224" level="INFO">Creating an instance of the Chrome WebDriver.</msg>
<msg timestamp="20210121 11:28:35.627" level="INFO">Created Chrome browser with arguments: --disable-dev-shm-usage --disable-web-security --allow-running-insecure-content --no-sandbox</msg>
<msg timestamp="20210121 11:28:35.627" level="INFO" html="yes">&lt;p&gt;Attempted combinations:&lt;/p&gt;&lt;div class="doc"&gt;&lt;table&gt;&lt;tr&gt;&lt;th&gt;Browser&lt;/th&gt;&lt;th&gt;Headless&lt;/th&gt;&lt;th&gt;Download&lt;/th&gt;&lt;th&gt;Error&lt;/th&gt;&lt;/tr&gt;&lt;tr&gt;&lt;td&gt;Chrome&lt;/td&gt;&lt;td&gt;False&lt;/td&gt;&lt;td&gt;False&lt;/td&gt;&lt;td&gt;&lt;/td&gt;&lt;/tr&gt;&lt;/table&gt;&lt;/div&gt;</msg>
<msg timestamp="20210121 11:28:35.627" level="INFO">Opening url 'https://robotsparebinindustries.com/'</msg>
<status status="PASS" starttime="20210121 11:28:32.223" endtime="20210121 11:28:37.929"></status>
</kw>
<kw name="Does Page Contain" library="RPA.Browser">
<doc>Does page contain expected text</doc>
<arguments>
<arg>The leader in refurbished and dubious quality spare parts for robots, since 1982!</arg>
</arguments>
<msg timestamp="20210121 11:28:37.945" level="INFO">Current page contains text 'The leader in refurbished and dubious quality spare parts for robots, since 1982!'.</msg>
<status status="PASS" starttime="20210121 11:28:37.929" endtime="20210121 11:28:37.945"></status>
</kw>
<status status="PASS" starttime="20210121 11:28:32.223" endtime="20210121 11:28:37.946"></status>
</kw>
<kw name="Login to Robotsparebin web page">
<kw name="Input Text When Element Is Visible" library="RPA.Browser">
<doc>Input text into locator after it has become visible.</doc>
<arguments>
<arg>css:input#username</arg>
<arg>${username}</arg>
</arguments>
<msg timestamp="20210121 11:28:37.973" level="INFO">Typing text 'maria' into text field 'css:input#username'.</msg>
<status status="PASS" starttime="20210121 11:28:37.947" endtime="20210121 11:28:38.060"></status>
</kw>
<kw name="Sleep" library="BuiltIn">
<doc>Pauses the test executed for the given time.</doc>
<arguments>
<arg>1 second</arg>
</arguments>
<msg timestamp="20210121 11:28:39.061" level="INFO">Slept 1 second</msg>
<status status="PASS" starttime="20210121 11:28:38.060" endtime="20210121 11:28:39.061"></status>
</kw>
<kw name="Input Text When Element Is Visible" library="RPA.Browser">
<doc>Input text into locator after it has become visible.</doc>
<arguments>
<arg>css:input#password</arg>
<arg>${password}</arg>
</arguments>
<msg timestamp="20210121 11:28:39.091" level="INFO">Typing text 'thoushallnotpass' into text field 'css:input#password'.</msg>
<status status="PASS" starttime="20210121 11:28:39.061" endtime="20210121 11:28:39.198"></status>
</kw>
<kw name="Sleep" library="BuiltIn">
<doc>Pauses the test executed for the given time.</doc>
<arguments>
<arg>1 second</arg>
</arguments>
<msg timestamp="20210121 11:28:40.199" level="INFO">Slept 1 second</msg>
<status status="PASS" starttime="20210121 11:28:39.198" endtime="20210121 11:28:40.199"></status>
</kw>
<kw name="Click Button When Visible" library="RPA.Browser">
<doc>Click button identified by ``locator``, once it becomes visible.</doc>
<arguments>
<arg>xpath://*[@id="root"]/div/div/div/div[1]/form/button</arg>
</arguments>
<msg timestamp="20210121 11:28:40.222" level="INFO">Clicking button 'xpath://*[@id="root"]/div/div/div/div[1]/form/button'.</msg>
<status status="PASS" starttime="20210121 11:28:40.199" endtime="20210121 11:28:40.282"></status>
</kw>
<kw name="Wait Until Page Contains Element" library="RPA.Browser">
<doc>Waits until the element ``locator`` appears on the current page.</doc>
<arguments>
<arg>id:sales-form</arg>
</arguments>
<status status="PASS" starttime="20210121 11:28:40.282" endtime="20210121 11:28:43.311"></status>
</kw>
<status status="PASS" starttime="20210121 11:28:37.946" endtime="20210121 11:28:43.312"></status>
</kw>
<kw name="Dowload and open excel file of sales data">
<kw name="Download" library="RPA.HTTP">
<doc>An alias for the ``HTTP Get`` keyword.</doc>
<arguments>
<arg>${exel_file_url}</arg>
<arg>overwrite=true</arg>
</arguments>
<msg timestamp="20210121 11:28:43.315" level="INFO">Creating a new HTTP session</msg>
<msg timestamp="20210121 11:28:43.315" level="INFO">Creating Session using : alias=rpasession_alias.httpsrobotsparebinindustries.com, url=https://robotsparebinindustries.com, headers={},                     cookies={}, auth=None, timeout=None, proxies=None, verify=True,                     debug=0 </msg>
<msg timestamp="20210121 11:28:44.007" level="INFO">GET Request : url=https://robotsparebinindustries.com/SalesData.xlsx 
 path_url=/SalesData.xlsx 
 headers={'User-Agent': 'python-requests/2.25.1', 'Accept-Encoding': 'gzip, deflate', 'Accept': '*/*', 'Connection': 'keep-alive'} 
 body=None 
 </msg>
<msg timestamp="20210121 11:28:44.137" level="INFO">GET Response : url=https://robotsparebinindustries.com/SalesData.xlsx 
 status=200, reason=OK 
 body=PKTC�P��U��;_rels/.rels���j�0��}
�{���1F�^Ơ�2��l%1�-#�[��3��JlGI������aR���Sl�����h���7�������v�{��H�����J'�F"� ���%���#e������u}����S\���6Z�����8#,1��6��\��{�F;�ǲΟ���5\��^���[| {�΂ѡ��dR�ft�F�ķ�&lt;���B4~�����PKTC�P!��docProps/core.xmlm�Mk�@D��
���n Y��SI`�C��a��;~&amp;��K�E�z�y��Z~Sd�]�ںQ%9��qs�&gt;ޟ�'5�C�&gt;�k��2�wz����q!��΄�姏VK�q���g�S�&lt;�%ѓ��*FuWNx(�W\w��@+Yr���-��B�򿃽9ȍ�A�����s�Q����~�2�E;$C�PKTC�P���/��docProps/app.xml���
�0�{�"�ަz)������lڀ��Z��|��0���br��&lt;T����å���R����5R����L�\�C�T�+�9U���X�~���Z�a$�􀬎u}R�3�S�(�b��!�����+dO��PKTC�P����rxl/workbook.xml�OAn� ��h�	�J#�2�Uͽm�Ԭ�a-�u��G�z쉙Yfv��_���1&amp;GA��F�Вq�������`�V�D��Itf�{Hu�`sk�Sk�봡C�u�΅ƞS׹�~y�?
���˪dݘ�����4F�&amp;Y��[��.�j��&gt;NI�K^)��\04I(�,x[�4�3ٖ���ww�]os+Q	������˂�(�謁����X���lg�b�K5��PKTC�P�[��xl/_rels/workbook.xml.rels���j�0��y
��ZvZJ)�s	�\�����LlIh�?y�nSHb��Č�3��V��qP�����@U��0����3�{�{�u�X��`Y���)�	d�3�g��y-1a��6�Ѳ���d��v��e���eԓL�m�mS���';�m�p�ǈ��Th�6c��Y.Cls�l`b�
�:�rV&gt;xIqԷ���g��s�Q���-��9�bޓG�3���}-YN0z����PKTC�PYȻ���Uxl/theme/theme1.xml�\�n�8}�Wz]��lɗ�N'kt��5�,���)[EiI:M��;��M�v��{Hr���P:y��6a�2N���޹�Ey��c���_-�N��oޓ#��	�����[��#Ǒ!d�.�(��(	Q�g-�7h%a��uGNBbn��S�Q��,w	�*oDPF�Tn�L�'	��_�&gt;.;�'����!���y�������)�a3�5/�9~�T����y���tp'c�����uq�P�����!����_L��Y�m�r�����~�h��O��y0m�5���'��?��~��������Z��Ə��OG~o@[����f��D)��_,��4�������5��zrK�e4"!�&gt;RvCU�3�Q��Q� ��=�I�~j�N�&lt;�X�A[E1c���siz+S��i�R55��B]��ȖH�?��^nIj&lt;�a#��7��R	���m&lt;F�U�˥h�&gt;��&lt;{�t	U3&amp;��MEC��S���S���'j�~m��ڜ�5aYXDo	�h���dH]k�����S乍9ڒ5��n��L������/cd�cd���o��o�̓A`[!�fv��$��$��a��C���7�i?�&lt;�?d���LHuF�6�e������������^'�/셳?�4�h���I(��-}y��׳�f�;}��m�����}�c:}^����#�S�TF���@�X���گ��}�򑖚�o'�(���y��n�g� ���݆������c����æv�K�i&lt;ÙT�X�����3xBܱ&lt;Gf�ʅ��򃇧���i���p��H�;�n:��cӣ��xV��n)45�,���?'R-� ������G�RGZH��M�}_���QJm��������֖*Q
�R��4eF1�ƈ�&gt;%3I	���[�.�f��Ւ��T��O���̂����FKuBĹi�#�|6�U���������|���EGDN��N�&gt;���6�[x��f��a�=��0�g�;�N1/�.�,N�%��'�zW��v@��['�/�+Qx���S#*�*i�s��"��#5	�fU�t%��o%�k��.�9`@��㮬r�K�$����:H��{������f}�Ӈ�`+�т���NgC�?Z���L�)u%=GI]���%�2sk��`��W�������w�d�"1
��#ȑ&gt;�j��#ȑ&gt;�k����HG��#r9�Ǒ���9���Ȩ��9���ȸ��9���Ȥ��9����4+�F�W��4���ma���a?/W�A���&lt;c�����`uA���MAe�ؿ�E9���~0���E@Q�j�&lt;�B���B ���]����H�#G0@��=r���#G0@��=r9�z�����������7w�T+*,'�ȸ6��i����_��F��|��#��#G0���@&gt;r���#G0���@���E�������_���PKTC�P��ӹ1xl/worksheets/sheet1.xml��_s����)4z�Sb�	ndgb3N:M��t�&gt;k-��D���o_����=#tl�&lt;qt�ß����v��k��z;W7�|V��u�������n���W˷����R��������K�&gt;,ǧ�r�:�ԇr����n�v����l�����N�r�.t����ܮ��ZǗ�p���Ŵu&lt;4�j=ta��ڭ���n������Ϛrs;�A}x�z��[�W��q���w���7����w��/��OM���ڗ�aϺܬN۶��Po�έ�[\@��C?6�gt��T���v�nu�.m�^��\V�/mז�I糧ӱ�w�}�Y}j�]~)_�m�:2�׵�����To���ٮ���V��Ƌ��Fe*וּ�ݖÑ�r�Ωs+���|�������*�&lt;�����|y�9�l.'S}�=��^Nv}�mlϳ�O.%g��6c���X���eS�͆;e64�]�"w��5?t�n�{���~�|�K��׾ճ��W&lt;�B���+~T�1&gt;�~���;CW��J�u�]����p=�\��2Wz8��\�r��bz���s4Ͼ8w8pD1�h��|�f��"c�h8����F)���)Ȣ)�(`�Ę2P�L�"g�̤�2�},������G����$H�e�e�s���-|���rW6�*�q�B�s�	{`�i%(�f��
��D��T0�Řʰ&lt;$	O�lZ�.�v�@�ʸ�,��ŸrX��'��*��ZL��B�����O9��� �A�O�9I�_������6"l�*V/_A��d�`i�斿~=E"쬘x;�̩(s
*�yfHJy/-e�d�;�T�]_(���C���P�+L���I��pS*�E
AB��4&lt;C�ɗ�O��N2��B����C!Ph�%�����b�!����@��B䡢�C!Xĉ��8��B��4�'�����(Q�q"h NR?	��[�SHo�B��@D!f����0�|��..�9_"�	�GTHT�(��&lt;4�'S��:��d�	�d�D��DE��B� HAi���Kr�r�wx�B|���D#{(�����G�䎿�tr�p�D��DGщF�0&lt;N$����K,���W��NtNt���0���@&lt;8Q�Y&gt;\�)R!+5���DG��F�0&lt;L$폅h�[ߡ��:�!:�Qt��&lt;�I��D{t�Qeƽy�p@':D':�N4���04&amp;�Ї2)�_!��4��቎���a!O��&gt;��y��Љщ����a!M�IưR�P*|�4�NtNt�hy"h O��E��s׆�NtNt�ha"h L&lt;��3�8��
�6�!6�(6!䎔ǉ��qBS�piʩ� ^�q`
�	E�	!w�&lt;K$���C�#��/�88��P����|/ix��=��ܔ�@��6��M��0G�4��i�&lt;M�&amp;0OC�F�	gjBlBQlB�)�I�ㄼ	�D�,�'p�=	lB!6�(6!��D�@�X&gt;����%R�M(�&amp;�&amp;�ܑA��o�D���T]:!�
�	E�	!xd�&amp;��ć��p)�ˮV�	������&lt;2A�⍜��%�| �
�	E�	!xd�&amp;���!g&lt;rW�u�Btb��� y8(�������0��\�0@'&amp;D'&amp;�N�_Ep/ix�=Ҏ��X��
'�Ą��D��A�p&lt;N$�3e�9���'�%k'&amp;'&amp;
N���Y"ix�NT�����\��1'&amp;��$n!�����XL�!�&lt;q��p�JBtb��� y�&amp;���C�~��8{m"�����(819ĉ��8I��q�A��k뀀ML�ML���D�@����,�5&amp;�D�5�&amp;&amp;�&amp;&amp;�MrGy"h O&lt;����&lt;��������(61�9����0����0�`�#��Ą��F��E�P	,Q�D�H̓�&gt;V�	�׀8�!8�Qpb����ǉ(�ybٴM����$Ґ�&gt;�!&gt;�Q|bGP���=�z�]���}����to1YV|X=��X5���8ۖ��g�M��3vs�h�ð��s�v�E��j]6��;����}c1��ϲ=f��9���_O���|yS������a���yv|Z����9�G�B�l���};,����mVU;�����z�����^��o�e��h����ͻe�^���z�;|�0����S�~�s�}-��i5��&lt;���^&gt;���f&lt;6Ȕ~�}x�����ŗ��Z���m���PKTC�PS��Կ�	xl/sharedStrings.xmluVMoA��W .=5K���*B�GI ���G�ٵ�:3%��F�T��{�����^�v���$�����A�Ǿ
F|}�Y���_�.�)�^��W�����/��=��OW�&amp;��עHUÎ�eرW�&amp;DGYƺH��dRÜ�-&gt;�G���a��0��5�=9y4,Nֿ�%���L�S����Xs&gt;��h/��x�����:&gt;C���s�km�P	����B��o�Mp)a��a�ms��ֳ����{-�������ЎWJ$����)Z�}�&gt;c�K��&gt;Ϲy���m�4vCt|ʈS�:@�Y�E��9ad*���h��l��t��+�uG���h��I��R�xn\�%o!�1f��ckZg����sG��ûY�T����b����иs��DTA�8��܆�Z��Zo��S�"0��C�i�X��;PzS,��0����g���ܪ��]Pl�t)a&amp;O!I(㲄Tck�q����m]�ײِ?"8v��[F�ccPe��: ӡ
0y�Kb��u+B�-Nv]�����X�Z�V�vP/%��M#�_ہ�k��Bߡ$	���B���yu�/%�Â׭
`eu�����_�K$�S��"�t��K�L	��1�Orɨ�O\KW�OW��3�3���5�[���8ʪ�;�5����Ó���Т`.9�ѫ��yԤgZ�P�96��PKTC�Pä���xl/styles.xml�X[o�0~ﯰ����Pu������Vګ� �#�����J��jB�`��w�wr�]��*����2�,��a�3���q�io�+��JV�H�X������hEr\^�0�I�ȱTS���ǥv�)9��8c0��:_�_3��nE��~�T�X�9�I�F��&gt;��C?�E��~�&lt;c�p]mq��XL*�pgZ�pN�͝�jT뻇0z�;��Df�dMCy''Ӈp�osӕ�(�Vj
� �,%l�&amp;�?n
Un�YM�ؽ`�
�qG��%�Y��H�t\G�,k1^K��C�v�N�r�Al�y��1Q�M�Ò�X���!f��&gt;%�T�"KW�.y��&lt;W�8�)g���G��E��,��fEڮ0���D�X+�&amp;�!����B�O�n����Z�We򪊠���ލàĆ6ةlON���CD(}�h���-�J��g�qQ���:_�0�v+]p�_����}5!���R����O�%��9�8*	ܘ�C��u��eV����t�L�3�r\����ӻi�����#l��{4w��{�v �-p�H*�l�/��a2�2�2���&lt;�t۫CŻ���&amp;;��]�B���B�\L{]�K���b�|��LP}���wN�[)�o�x�s�TI�w�Ψ̘����Ya�U{r6Z����Fq����C�/Ǽ��ti�L�A��1�v��ث_s��q�_�F��9��!-?�9��̙zxԧ���Ӑ���i"�?�۫=j~Ծ���PKTC�P�܊��[Content_Types].xml���n�0E���(�*1tQU�Ei�-R��x��l��w
��@�I��{g�N2�6��j0�+9��� �@f�qY���G�O'��N��p���tN�b���� 1�+#��GSM�5-�&lt;�$Sҁt���d4��n*�7��"Go�u�jS�+�Q�i�$��lXKvR]�WY�d�Ɩ\��n����ā��J��a����R� ��a��y���0�:�Ih����gÜPu�Yd�{���g�T��������A7�mnr��e�p�Jۻ���7�pќ�I�d�Fi���@�\���z:�(�q8�^G����S�Sc�.�n*�Uf�Tj}�u`ȩ�\��%5������w/���:ܮ��Њ�qv�A��ux�+s���Z�ކw������?���/PK&gt;TC�P��U��;_rels/.relsPK&gt;TC�P!��docProps/core.xmlPK&gt;TC�P���/��docProps/app.xmlPK&gt;TC�P����r�xl/workbook.xmlPK&gt;TC�P�[��xl/_rels/workbook.xml.relsPK&gt;TC�PYȻ���U2xl/theme/theme1.xmlPK&gt;TC�P��ӹ1axl/worksheets/sheet1.xmlPK&gt;TC�PS��Կ�	dxl/sharedStrings.xmlPK&gt;TC�Pä���ixl/styles.xmlPK&gt;TC�P�܊���[Content_Types].xmlPK

�w 
 </msg>
<status status="PASS" starttime="20210121 11:28:43.314" endtime="20210121 11:28:44.139"></status>
</kw>
<kw name="Open Workbook" library="RPA.Excel.Files">
<doc>Open an existing Excel workbook.</doc>
<arguments>
<arg>SalesData.xlsx</arg>
</arguments>
<msg timestamp="20210121 11:28:44.197" level="INFO">Opened workbook: &lt;RPA.Excel.Files.XlsxWorkbook object at 0x000002012DF96100&gt;</msg>
<status status="PASS" starttime="20210121 11:28:44.140" endtime="20210121 11:28:44.198"></status>
</kw>
<kw name="Read Worksheet As Table" library="RPA.Excel.Files">
<doc>Read the content of a worksheet into a Table container. Allows
sorting/filtering/manipulating using the `RPA.Tables` library.</doc>
<arguments>
<arg>header=True</arg>
</arguments>
<assign>
<var>${table}</var>
</assign>
<msg timestamp="20210121 11:28:44.201" level="INFO">Created table: Table(columns=['First Name', 'Last Name', 'Sales', 'Sales Target'], rows=50)</msg>
<msg timestamp="20210121 11:28:44.201" level="INFO">${table} = Table(columns=['First Name', 'Last Name', 'Sales', 'Sales Target'], rows=50)</msg>
<status status="PASS" starttime="20210121 11:28:44.198" endtime="20210121 11:28:44.201"></status>
</kw>
<kw name="Close Workbook" library="RPA.Excel.Files">
<doc>Close the active workbook.</doc>
<msg timestamp="20210121 11:28:44.202" level="INFO">Closing workbook: &lt;RPA.Excel.Files.XlsxWorkbook object at 0x000002012DF96100&gt;</msg>
<status status="PASS" starttime="20210121 11:28:44.202" endtime="20210121 11:28:44.202"></status>
</kw>
<kw name="${row} IN [ @{table} ]" type="for">
<kw name="${row} = {'First Name': 'David', 'Last Name': 'Heazel', 'Sales': 80193, 'Sales Target': 30000}" type="foritem">
<kw name="Log" library="BuiltIn">
<doc>Logs the given message with the given level.</doc>
<arguments>
<arg>${row}</arg>
</arguments>
<msg timestamp="20210121 11:28:44.205" level="INFO">{'First Name': 'David', 'Last Name': 'Heazel', 'Sales': 80193, 'Sales Target': 30000}</msg>
<status status="PASS" starttime="20210121 11:28:44.204" endtime="20210121 11:28:44.205"></status>
</kw>
<status status="PASS" starttime="20210121 11:28:44.204" endtime="20210121 11:28:44.205"></status>
</kw>
<kw name="${row} = {'First Name': 'Conte', 'Last Name': 'Mascetti', 'Sales': 141182, 'Sales Target': 35000}" type="foritem">
<kw name="Log" library="BuiltIn">
<doc>Logs the given message with the given level.</doc>
<arguments>
<arg>${row}</arg>
</arguments>
<msg timestamp="20210121 11:28:44.206" level="INFO">{'First Name': 'Conte', 'Last Name': 'Mascetti', 'Sales': 141182, 'Sales Target': 35000}</msg>
<status status="PASS" starttime="20210121 11:28:44.206" endtime="20210121 11:28:44.206"></status>
</kw>
<status status="PASS" starttime="20210121 11:28:44.205" endtime="20210121 11:28:44.206"></status>
</kw>
<kw name="${row} = {'First Name': 'Dallon', 'Last Name': 'Seals', 'Sales': 61456, 'Sales Target': 15000}" type="foritem">
<kw name="Log" library="BuiltIn">
<doc>Logs the given message with the given level.</doc>
<arguments>
<arg>${row}</arg>
</arguments>
<msg timestamp="20210121 11:28:44.207" level="INFO">{'First Name': 'Dallon', 'Last Name': 'Seals', 'Sales': 61456, 'Sales Target': 15000}</msg>
<status status="PASS" starttime="20210121 11:28:44.207" endtime="20210121 11:28:44.208"></status>
</kw>
<status status="PASS" starttime="20210121 11:28:44.206" endtime="20210121 11:28:44.208"></status>
</kw>
<kw name="${row} = {'First Name': 'Jocelyn', 'Last Name': 'Thomsson', 'Sales': 99354, 'Sales Target': 95000}" type="foritem">
<kw name="Log" library="BuiltIn">
<doc>Logs the given message with the given level.</doc>
<arguments>
<arg>${row}</arg>
</arguments>
<msg timestamp="20210121 11:28:44.209" level="INFO">{'First Name': 'Jocelyn', 'Last Name': 'Thomsson', 'Sales': 99354, 'Sales Target': 95000}</msg>
<status status="PASS" starttime="20210121 11:28:44.208" endtime="20210121 11:28:44.209"></status>
</kw>
<status status="PASS" starttime="20210121 11:28:44.208" endtime="20210121 11:28:44.209"></status>
</kw>
<kw name="${row} = {'First Name': 'Yoko', 'Last Name': 'Flecknell', 'Sales': 139701, 'Sales Target': 50000}" type="foritem">
<kw name="Log" library="BuiltIn">
<doc>Logs the given message with the given level.</doc>
<arguments>
<arg>${row}</arg>
</arguments>
<msg timestamp="20210121 11:28:44.210" level="INFO">{'First Name': 'Yoko', 'Last Name': 'Flecknell', 'Sales': 139701, 'Sales Target': 50000}</msg>
<status status="PASS" starttime="20210121 11:28:44.209" endtime="20210121 11:28:44.210"></status>
</kw>
<status status="PASS" starttime="20210121 11:28:44.209" endtime="20210121 11:28:44.210"></status>
</kw>
<kw name="${row} = {'First Name': 'Ninnette', 'Last Name': 'Heinssen', 'Sales': 63808, 'Sales Target': 25000}" type="foritem">
<kw name="Log" library="BuiltIn">
<doc>Logs the given message with the given level.</doc>
<arguments>
<arg>${row}</arg>
</arguments>
<msg timestamp="20210121 11:28:44.211" level="INFO">{'First Name': 'Ninnette', 'Last Name': 'Heinssen', 'Sales': 63808, 'Sales Target': 25000}</msg>
<status status="PASS" starttime="20210121 11:28:44.210" endtime="20210121 11:28:44.211"></status>
</kw>
<status status="PASS" starttime="20210121 11:28:44.210" endtime="20210121 11:28:44.211"></status>
</kw>
<kw name="${row} = {'First Name': 'Ahmed', 'Last Name': 'Vasnetsov', 'Sales': 50211, 'Sales Target': 60000}" type="foritem">
<kw name="Log" library="BuiltIn">
<doc>Logs the given message with the given level.</doc>
<arguments>
<arg>${row}</arg>
</arguments>
<msg timestamp="20210121 11:28:44.212" level="INFO">{'First Name': 'Ahmed', 'Last Name': 'Vasnetsov', 'Sales': 50211, 'Sales Target': 60000}</msg>
<status status="PASS" starttime="20210121 11:28:44.212" endtime="20210121 11:28:44.212"></status>
</kw>
<status status="PASS" starttime="20210121 11:28:44.211" endtime="20210121 11:28:44.212"></status>
</kw>
<kw name="${row} = {'First Name': 'Pearline', 'Last Name': 'Fenton', 'Sales': 78556, 'Sales Target': 35000}" type="foritem">
<kw name="Log" library="BuiltIn">
<doc>Logs the given message with the given level.</doc>
<arguments>
<arg>${row}</arg>
</arguments>
<msg timestamp="20210121 11:28:44.213" level="INFO">{'First Name': 'Pearline', 'Last Name': 'Fenton', 'Sales': 78556, 'Sales Target': 35000}</msg>
<status status="PASS" starttime="20210121 11:28:44.213" endtime="20210121 11:28:44.214"></status>
</kw>
<status status="PASS" starttime="20210121 11:28:44.213" endtime="20210121 11:28:44.214"></status>
</kw>
<kw name="${row} = {'First Name': 'Lelah', 'Last Name': 'Yewdale', 'Sales': 122695, 'Sales Target': 100000}" type="foritem">
<kw name="Log" library="BuiltIn">
<doc>Logs the given message with the given level.</doc>
<arguments>
<arg>${row}</arg>
</arguments>
<msg timestamp="20210121 11:28:44.215" level="INFO">{'First Name': 'Lelah', 'Last Name': 'Yewdale', 'Sales': 122695, 'Sales Target': 100000}</msg>
<status status="PASS" starttime="20210121 11:28:44.214" endtime="20210121 11:28:44.215"></status>
</kw>
<status status="PASS" starttime="20210121 11:28:44.214" endtime="20210121 11:28:44.215"></status>
</kw>
<kw name="${row} = {'First Name': 'Belinda', 'Last Name': 'Blumenthal', 'Sales': 115410, 'Sales Target': 70000}" type="foritem">
<kw name="Log" library="BuiltIn">
<doc>Logs the given message with the given level.</doc>
<arguments>
<arg>${row}</arg>
</arguments>
<msg timestamp="20210121 11:28:44.216" level="INFO">{'First Name': 'Belinda', 'Last Name': 'Blumenthal', 'Sales': 115410, 'Sales Target': 70000}</msg>
<status status="PASS" starttime="20210121 11:28:44.216" endtime="20210121 11:28:44.216"></status>
</kw>
<status status="PASS" starttime="20210121 11:28:44.215" endtime="20210121 11:28:44.216"></status>
</kw>
<kw name="${row} = {'First Name': 'Antoni', 'Last Name': 'Degoe', 'Sales': 106991, 'Sales Target': 75000}" type="foritem">
<kw name="Log" library="BuiltIn">
<doc>Logs the given message with the given level.</doc>
<arguments>
<arg>${row}</arg>
</arguments>
<msg timestamp="20210121 11:28:44.217" level="INFO">{'First Name': 'Antoni', 'Last Name': 'Degoe', 'Sales': 106991, 'Sales Target': 75000}</msg>
<status status="PASS" starttime="20210121 11:28:44.217" endtime="20210121 11:28:44.218"></status>
</kw>
<status status="PASS" starttime="20210121 11:28:44.217" endtime="20210121 11:28:44.218"></status>
</kw>
<kw name="${row} = {'First Name': 'Donnamarie', 'Last Name': 'Watts', 'Sales': 25924, 'Sales Target': 85000}" type="foritem">
<kw name="Log" library="BuiltIn">
<doc>Logs the given message with the given level.</doc>
<arguments>
<arg>${row}</arg>
</arguments>
<msg timestamp="20210121 11:28:44.219" level="INFO">{'First Name': 'Donnamarie', 'Last Name': 'Watts', 'Sales': 25924, 'Sales Target': 85000}</msg>
<status status="PASS" starttime="20210121 11:28:44.218" endtime="20210121 11:28:44.219"></status>
</kw>
<status status="PASS" starttime="20210121 11:28:44.218" endtime="20210121 11:28:44.219"></status>
</kw>
<kw name="${row} = {'First Name': 'Anabella', 'Last Name': 'Blindermann', 'Sales': 43564, 'Sales Target': 85000}" type="foritem">
<kw name="Log" library="BuiltIn">
<doc>Logs the given message with the given level.</doc>
<arguments>
<arg>${row}</arg>
</arguments>
<msg timestamp="20210121 11:28:44.220" level="INFO">{'First Name': 'Anabella', 'Last Name': 'Blindermann', 'Sales': 43564, 'Sales Target': 85000}</msg>
<status status="PASS" starttime="20210121 11:28:44.219" endtime="20210121 11:28:44.220"></status>
</kw>
<status status="PASS" starttime="20210121 11:28:44.219" endtime="20210121 11:28:44.220"></status>
</kw>
<kw name="${row} = {'First Name': 'Fred', 'Last Name': 'Mengoni', 'Sales': 131725, 'Sales Target': 5000}" type="foritem">
<kw name="Log" library="BuiltIn">
<doc>Logs the given message with the given level.</doc>
<arguments>
<arg>${row}</arg>
</arguments>
<msg timestamp="20210121 11:28:44.221" level="INFO">{'First Name': 'Fred', 'Last Name': 'Mengoni', 'Sales': 131725, 'Sales Target': 5000}</msg>
<status status="PASS" starttime="20210121 11:28:44.221" endtime="20210121 11:28:44.221"></status>
</kw>
<status status="PASS" starttime="20210121 11:28:44.220" endtime="20210121 11:28:44.221"></status>
</kw>
<kw name="${row} = {'First Name': 'Nathanil', 'Last Name': 'Bragg', 'Sales': 100336, 'Sales Target': 35000}" type="foritem">
<kw name="Log" library="BuiltIn">
<doc>Logs the given message with the given level.</doc>
<arguments>
<arg>${row}</arg>
</arguments>
<msg timestamp="20210121 11:28:44.223" level="INFO">{'First Name': 'Nathanil', 'Last Name': 'Bragg', 'Sales': 100336, 'Sales Target': 35000}</msg>
<status status="PASS" starttime="20210121 11:28:44.222" endtime="20210121 11:28:44.223"></status>
</kw>
<status status="PASS" starttime="20210121 11:28:44.222" endtime="20210121 11:28:44.223"></status>
</kw>
<kw name="${row} = {'First Name': 'Casar', 'Last Name': 'Kubek', 'Sales': 143750, 'Sales Target': 100000}" type="foritem">
<kw name="Log" library="BuiltIn">
<doc>Logs the given message with the given level.</doc>
<arguments>
<arg>${row}</arg>
</arguments>
<msg timestamp="20210121 11:28:44.224" level="INFO">{'First Name': 'Casar', 'Last Name': 'Kubek', 'Sales': 143750, 'Sales Target': 100000}</msg>
<status status="PASS" starttime="20210121 11:28:44.223" endtime="20210121 11:28:44.224"></status>
</kw>
<status status="PASS" starttime="20210121 11:28:44.223" endtime="20210121 11:28:44.224"></status>
</kw>
<kw name="${row} = {'First Name': 'Myrtle', 'Last Name': 'Puddle', 'Sales': 22729, 'Sales Target': 10000}" type="foritem">
<kw name="Log" library="BuiltIn">
<doc>Logs the given message with the given level.</doc>
<arguments>
<arg>${row}</arg>
</arguments>
<msg timestamp="20210121 11:28:44.225" level="INFO">{'First Name': 'Myrtle', 'Last Name': 'Puddle', 'Sales': 22729, 'Sales Target': 10000}</msg>
<status status="PASS" starttime="20210121 11:28:44.225" endtime="20210121 11:28:44.225"></status>
</kw>
<status status="PASS" starttime="20210121 11:28:44.224" endtime="20210121 11:28:44.225"></status>
</kw>
<kw name="${row} = {'First Name': 'Devi', 'Last Name': 'Oag', 'Sales': 140919, 'Sales Target': 10000}" type="foritem">
<kw name="Log" library="BuiltIn">
<doc>Logs the given message with the given level.</doc>
<arguments>
<arg>${row}</arg>
</arguments>
<msg timestamp="20210121 11:28:44.226" level="INFO">{'First Name': 'Devi', 'Last Name': 'Oag', 'Sales': 140919, 'Sales Target': 10000}</msg>
<status status="PASS" starttime="20210121 11:28:44.226" endtime="20210121 11:28:44.226"></status>
</kw>
<status status="PASS" starttime="20210121 11:28:44.225" endtime="20210121 11:28:44.227"></status>
</kw>
<kw name="${row} = {'First Name': 'Emyle', 'Last Name': &quot;O'Driscole&quot;, 'Sales': 70981, 'Sales Target': 10000}" type="foritem">
<kw name="Log" library="BuiltIn">
<doc>Logs the given message with the given level.</doc>
<arguments>
<arg>${row}</arg>
</arguments>
<msg timestamp="20210121 11:28:44.227" level="INFO">{'First Name': 'Emyle', 'Last Name': "O'Driscole", 'Sales': 70981, 'Sales Target': 10000}</msg>
<status status="PASS" starttime="20210121 11:28:44.227" endtime="20210121 11:28:44.228"></status>
</kw>
<status status="PASS" starttime="20210121 11:28:44.227" endtime="20210121 11:28:44.228"></status>
</kw>
<kw name="${row} = {'First Name': 'Mickie', 'Last Name': 'Linbohm', 'Sales': 80516, 'Sales Target': 10000}" type="foritem">
<kw name="Log" library="BuiltIn">
<doc>Logs the given message with the given level.</doc>
<arguments>
<arg>${row}</arg>
</arguments>
<msg timestamp="20210121 11:28:44.229" level="INFO">{'First Name': 'Mickie', 'Last Name': 'Linbohm', 'Sales': 80516, 'Sales Target': 10000}</msg>
<status status="PASS" starttime="20210121 11:28:44.228" endtime="20210121 11:28:44.229"></status>
</kw>
<status status="PASS" starttime="20210121 11:28:44.228" endtime="20210121 11:28:44.229"></status>
</kw>
<kw name="${row} = {'First Name': 'Isaac', 'Last Name': 'Asimov', 'Sales': 118852, 'Sales Target': 65000}" type="foritem">
<kw name="Log" library="BuiltIn">
<doc>Logs the given message with the given level.</doc>
<arguments>
<arg>${row}</arg>
</arguments>
<msg timestamp="20210121 11:28:44.230" level="INFO">{'First Name': 'Isaac', 'Last Name': 'Asimov', 'Sales': 118852, 'Sales Target': 65000}</msg>
<status status="PASS" starttime="20210121 11:28:44.230" endtime="20210121 11:28:44.230"></status>
</kw>
<status status="PASS" starttime="20210121 11:28:44.229" endtime="20210121 11:28:44.230"></status>
</kw>
<kw name="${row} = {'First Name': 'Florence', 'Last Name': 'Mundow', 'Sales': 122953, 'Sales Target': 10000}" type="foritem">
<kw name="Log" library="BuiltIn">
<doc>Logs the given message with the given level.</doc>
<arguments>
<arg>${row}</arg>
</arguments>
<msg timestamp="20210121 11:28:44.231" level="INFO">{'First Name': 'Florence', 'Last Name': 'Mundow', 'Sales': 122953, 'Sales Target': 10000}</msg>
<status status="PASS" starttime="20210121 11:28:44.231" endtime="20210121 11:28:44.231"></status>
</kw>
<status status="PASS" starttime="20210121 11:28:44.230" endtime="20210121 11:28:44.231"></status>
</kw>
<kw name="${row} = {'First Name': 'Mahalia', 'Last Name': 'Goodee', 'Sales': 46997, 'Sales Target': 45000}" type="foritem">
<kw name="Log" library="BuiltIn">
<doc>Logs the given message with the given level.</doc>
<arguments>
<arg>${row}</arg>
</arguments>
<msg timestamp="20210121 11:28:44.233" level="INFO">{'First Name': 'Mahalia', 'Last Name': 'Goodee', 'Sales': 46997, 'Sales Target': 45000}</msg>
<status status="PASS" starttime="20210121 11:28:44.232" endtime="20210121 11:28:44.233"></status>
</kw>
<status status="PASS" starttime="20210121 11:28:44.232" endtime="20210121 11:28:44.233"></status>
</kw>
<kw name="${row} = {'First Name': 'Christy', 'Last Name': 'Iwaszkiewicz', 'Sales': 91465, 'Sales Target': 100000}" type="foritem">
<kw name="Log" library="BuiltIn">
<doc>Logs the given message with the given level.</doc>
<arguments>
<arg>${row}</arg>
</arguments>
<msg timestamp="20210121 11:28:44.234" level="INFO">{'First Name': 'Christy', 'Last Name': 'Iwaszkiewicz', 'Sales': 91465, 'Sales Target': 100000}</msg>
<status status="PASS" starttime="20210121 11:28:44.234" endtime="20210121 11:28:44.234"></status>
</kw>
<status status="PASS" starttime="20210121 11:28:44.233" endtime="20210121 11:28:44.234"></status>
</kw>
<kw name="${row} = {'First Name': 'Madelyn', 'Last Name': 'Sire', 'Sales': 66825, 'Sales Target': 60000}" type="foritem">
<kw name="Log" library="BuiltIn">
<doc>Logs the given message with the given level.</doc>
<arguments>
<arg>${row}</arg>
</arguments>
<msg timestamp="20210121 11:28:44.235" level="INFO">{'First Name': 'Madelyn', 'Last Name': 'Sire', 'Sales': 66825, 'Sales Target': 60000}</msg>
<status status="PASS" starttime="20210121 11:28:44.235" endtime="20210121 11:28:44.236"></status>
</kw>
<status status="PASS" starttime="20210121 11:28:44.235" endtime="20210121 11:28:44.236"></status>
</kw>
<kw name="${row} = {'First Name': 'Thurstan', 'Last Name': 'Karus', 'Sales': 131244, 'Sales Target': 50000}" type="foritem">
<kw name="Log" library="BuiltIn">
<doc>Logs the given message with the given level.</doc>
<arguments>
<arg>${row}</arg>
</arguments>
<msg timestamp="20210121 11:28:44.237" level="INFO">{'First Name': 'Thurstan', 'Last Name': 'Karus', 'Sales': 131244, 'Sales Target': 50000}</msg>
<status status="PASS" starttime="20210121 11:28:44.236" endtime="20210121 11:28:44.237"></status>
</kw>
<status status="PASS" starttime="20210121 11:28:44.236" endtime="20210121 11:28:44.237"></status>
</kw>
<kw name="${row} = {'First Name': 'Bibi', 'Last Name': 'Rosita', 'Sales': 94131, 'Sales Target': 30000}" type="foritem">
<kw name="Log" library="BuiltIn">
<doc>Logs the given message with the given level.</doc>
<arguments>
<arg>${row}</arg>
</arguments>
<msg timestamp="20210121 11:28:44.238" level="INFO">{'First Name': 'Bibi', 'Last Name': 'Rosita', 'Sales': 94131, 'Sales Target': 30000}</msg>
<status status="PASS" starttime="20210121 11:28:44.237" endtime="20210121 11:28:44.238"></status>
</kw>
<status status="PASS" starttime="20210121 11:28:44.237" endtime="20210121 11:28:44.238"></status>
</kw>
<kw name="${row} = {'First Name': 'Abbe', 'Last Name': 'Aldcorn', 'Sales': 97489, 'Sales Target': 60000}" type="foritem">
<kw name="Log" library="BuiltIn">
<doc>Logs the given message with the given level.</doc>
<arguments>
<arg>${row}</arg>
</arguments>
<msg timestamp="20210121 11:28:44.239" level="INFO">{'First Name': 'Abbe', 'Last Name': 'Aldcorn', 'Sales': 97489, 'Sales Target': 60000}</msg>
<status status="PASS" starttime="20210121 11:28:44.239" endtime="20210121 11:28:44.240"></status>
</kw>
<status status="PASS" starttime="20210121 11:28:44.239" endtime="20210121 11:28:44.240"></status>
</kw>
<kw name="${row} = {'First Name': 'Ariadne', 'Last Name': 'Kiessel', 'Sales': 86637, 'Sales Target': 70000}" type="foritem">
<kw name="Log" library="BuiltIn">
<doc>Logs the given message with the given level.</doc>
<arguments>
<arg>${row}</arg>
</arguments>
<msg timestamp="20210121 11:28:44.241" level="INFO">{'First Name': 'Ariadne', 'Last Name': 'Kiessel', 'Sales': 86637, 'Sales Target': 70000}</msg>
<status status="PASS" starttime="20210121 11:28:44.240" endtime="20210121 11:28:44.241"></status>
</kw>
<status status="PASS" starttime="20210121 11:28:44.240" endtime="20210121 11:28:44.241"></status>
</kw>
<kw name="${row} = {'First Name': 'Tiffany', 'Last Name': 'Emerine', 'Sales': 124313, 'Sales Target': 50000}" type="foritem">
<kw name="Log" library="BuiltIn">
<doc>Logs the given message with the given level.</doc>
<arguments>
<arg>${row}</arg>
</arguments>
<msg timestamp="20210121 11:28:44.242" level="INFO">{'First Name': 'Tiffany', 'Last Name': 'Emerine', 'Sales': 124313, 'Sales Target': 50000}</msg>
<status status="PASS" starttime="20210121 11:28:44.241" endtime="20210121 11:28:44.242"></status>
</kw>
<status status="PASS" starttime="20210121 11:28:44.241" endtime="20210121 11:28:44.242"></status>
</kw>
<kw name="${row} = {'First Name': 'Jelene', 'Last Name': 'Pridden', 'Sales': 91489, 'Sales Target': 35000}" type="foritem">
<kw name="Log" library="BuiltIn">
<doc>Logs the given message with the given level.</doc>
<arguments>
<arg>${row}</arg>
</arguments>
<msg timestamp="20210121 11:28:44.243" level="INFO">{'First Name': 'Jelene', 'Last Name': 'Pridden', 'Sales': 91489, 'Sales Target': 35000}</msg>
<status status="PASS" starttime="20210121 11:28:44.243" endtime="20210121 11:28:44.243"></status>
</kw>
<status status="PASS" starttime="20210121 11:28:44.242" endtime="20210121 11:28:44.243"></status>
</kw>
<kw name="${row} = {'First Name': 'Claus', 'Last Name': 'Bawcock', 'Sales': 140602, 'Sales Target': 25000}" type="foritem">
<kw name="Log" library="BuiltIn">
<doc>Logs the given message with the given level.</doc>
<arguments>
<arg>${row}</arg>
</arguments>
<msg timestamp="20210121 11:28:44.244" level="INFO">{'First Name': 'Claus', 'Last Name': 'Bawcock', 'Sales': 140602, 'Sales Target': 25000}</msg>
<status status="PASS" starttime="20210121 11:28:44.244" endtime="20210121 11:28:44.244"></status>
</kw>
<status status="PASS" starttime="20210121 11:28:44.244" endtime="20210121 11:28:44.245"></status>
</kw>
<kw name="${row} = {'First Name': 'Ameline', 'Last Name': 'Olivello', 'Sales': 60101, 'Sales Target': 80000}" type="foritem">
<kw name="Log" library="BuiltIn">
<doc>Logs the given message with the given level.</doc>
<arguments>
<arg>${row}</arg>
</arguments>
<msg timestamp="20210121 11:28:44.247" level="INFO">{'First Name': 'Ameline', 'Last Name': 'Olivello', 'Sales': 60101, 'Sales Target': 80000}</msg>
<status status="PASS" starttime="20210121 11:28:44.245" endtime="20210121 11:28:44.248"></status>
</kw>
<status status="PASS" starttime="20210121 11:28:44.245" endtime="20210121 11:28:44.248"></status>
</kw>
<kw name="${row} = {'First Name': 'Alikee', 'Last Name': 'Kohtler', 'Sales': 141102, 'Sales Target': 15000}" type="foritem">
<kw name="Log" library="BuiltIn">
<doc>Logs the given message with the given level.</doc>
<arguments>
<arg>${row}</arg>
</arguments>
<msg timestamp="20210121 11:28:44.249" level="INFO">{'First Name': 'Alikee', 'Last Name': 'Kohtler', 'Sales': 141102, 'Sales Target': 15000}</msg>
<status status="PASS" starttime="20210121 11:28:44.248" endtime="20210121 11:28:44.249"></status>
</kw>
<status status="PASS" starttime="20210121 11:28:44.248" endtime="20210121 11:28:44.249"></status>
</kw>
<kw name="${row} = {'First Name': 'Cathleen', 'Last Name': 'Tinklin', 'Sales': 113898, 'Sales Target': 35000}" type="foritem">
<kw name="Log" library="BuiltIn">
<doc>Logs the given message with the given level.</doc>
<arguments>
<arg>${row}</arg>
</arguments>
<msg timestamp="20210121 11:28:44.250" level="INFO">{'First Name': 'Cathleen', 'Last Name': 'Tinklin', 'Sales': 113898, 'Sales Target': 35000}</msg>
<status status="PASS" starttime="20210121 11:28:44.250" endtime="20210121 11:28:44.250"></status>
</kw>
<status status="PASS" starttime="20210121 11:28:44.249" endtime="20210121 11:28:44.250"></status>
</kw>
<kw name="${row} = {'First Name': 'Flossie', 'Last Name': 'Gurr', 'Sales': 111068, 'Sales Target': 85000}" type="foritem">
<kw name="Log" library="BuiltIn">
<doc>Logs the given message with the given level.</doc>
<arguments>
<arg>${row}</arg>
</arguments>
<msg timestamp="20210121 11:28:44.251" level="INFO">{'First Name': 'Flossie', 'Last Name': 'Gurr', 'Sales': 111068, 'Sales Target': 85000}</msg>
<status status="PASS" starttime="20210121 11:28:44.251" endtime="20210121 11:28:44.251"></status>
</kw>
<status status="PASS" starttime="20210121 11:28:44.251" endtime="20210121 11:28:44.252"></status>
</kw>
<kw name="${row} = {'First Name': 'Milena', 'Last Name': 'Gudeman', 'Sales': 24287, 'Sales Target': 45000}" type="foritem">
<kw name="Log" library="BuiltIn">
<doc>Logs the given message with the given level.</doc>
<arguments>
<arg>${row}</arg>
</arguments>
<msg timestamp="20210121 11:28:44.252" level="INFO">{'First Name': 'Milena', 'Last Name': 'Gudeman', 'Sales': 24287, 'Sales Target': 45000}</msg>
<status status="PASS" starttime="20210121 11:28:44.252" endtime="20210121 11:28:44.253"></status>
</kw>
<status status="PASS" starttime="20210121 11:28:44.252" endtime="20210121 11:28:44.253"></status>
</kw>
<kw name="${row} = {'First Name': 'Bliss', 'Last Name': 'Burgess', 'Sales': 138542, 'Sales Target': 35000}" type="foritem">
<kw name="Log" library="BuiltIn">
<doc>Logs the given message with the given level.</doc>
<arguments>
<arg>${row}</arg>
</arguments>
<msg timestamp="20210121 11:28:44.254" level="INFO">{'First Name': 'Bliss', 'Last Name': 'Burgess', 'Sales': 138542, 'Sales Target': 35000}</msg>
<status status="PASS" starttime="20210121 11:28:44.254" endtime="20210121 11:28:44.254"></status>
</kw>
<status status="PASS" starttime="20210121 11:28:44.253" endtime="20210121 11:28:44.254"></status>
</kw>
<kw name="${row} = {'First Name': 'Donia', 'Last Name': 'Messenbird', 'Sales': 52436, 'Sales Target': 75000}" type="foritem">
<kw name="Log" library="BuiltIn">
<doc>Logs the given message with the given level.</doc>
<arguments>
<arg>${row}</arg>
</arguments>
<msg timestamp="20210121 11:28:44.255" level="INFO">{'First Name': 'Donia', 'Last Name': 'Messenbird', 'Sales': 52436, 'Sales Target': 75000}</msg>
<status status="PASS" starttime="20210121 11:28:44.255" endtime="20210121 11:28:44.255"></status>
</kw>
<status status="PASS" starttime="20210121 11:28:44.255" endtime="20210121 11:28:44.256"></status>
</kw>
<kw name="${row} = {'First Name': 'Jemie', 'Last Name': 'Tunnacliffe', 'Sales': 64130, 'Sales Target': 50000}" type="foritem">
<kw name="Log" library="BuiltIn">
<doc>Logs the given message with the given level.</doc>
<arguments>
<arg>${row}</arg>
</arguments>
<msg timestamp="20210121 11:28:44.256" level="INFO">{'First Name': 'Jemie', 'Last Name': 'Tunnacliffe', 'Sales': 64130, 'Sales Target': 50000}</msg>
<status status="PASS" starttime="20210121 11:28:44.256" endtime="20210121 11:28:44.257"></status>
</kw>
<status status="PASS" starttime="20210121 11:28:44.256" endtime="20210121 11:28:44.257"></status>
</kw>
<kw name="${row} = {'First Name': 'Gaylord', 'Last Name': 'Uebel', 'Sales': 27872, 'Sales Target': 90000}" type="foritem">
<kw name="Log" library="BuiltIn">
<doc>Logs the given message with the given level.</doc>
<arguments>
<arg>${row}</arg>
</arguments>
<msg timestamp="20210121 11:28:44.258" level="INFO">{'First Name': 'Gaylord', 'Last Name': 'Uebel', 'Sales': 27872, 'Sales Target': 90000}</msg>
<status status="PASS" starttime="20210121 11:28:44.257" endtime="20210121 11:28:44.258"></status>
</kw>
<status status="PASS" starttime="20210121 11:28:44.257" endtime="20210121 11:28:44.258"></status>
</kw>
<kw name="${row} = {'First Name': 'Rufus', 'Last Name': 'Bewlie', 'Sales': 119258, 'Sales Target': 85000}" type="foritem">
<kw name="Log" library="BuiltIn">
<doc>Logs the given message with the given level.</doc>
<arguments>
<arg>${row}</arg>
</arguments>
<msg timestamp="20210121 11:28:44.259" level="INFO">{'First Name': 'Rufus', 'Last Name': 'Bewlie', 'Sales': 119258, 'Sales Target': 85000}</msg>
<status status="PASS" starttime="20210121 11:28:44.259" endtime="20210121 11:28:44.259"></status>
</kw>
<status status="PASS" starttime="20210121 11:28:44.258" endtime="20210121 11:28:44.259"></status>
</kw>
<kw name="${row} = {'First Name': 'Jenine', 'Last Name': 'Kidby', 'Sales': 133576, 'Sales Target': 60000}" type="foritem">
<kw name="Log" library="BuiltIn">
<doc>Logs the given message with the given level.</doc>
<arguments>
<arg>${row}</arg>
</arguments>
<msg timestamp="20210121 11:28:44.260" level="INFO">{'First Name': 'Jenine', 'Last Name': 'Kidby', 'Sales': 133576, 'Sales Target': 60000}</msg>
<status status="PASS" starttime="20210121 11:28:44.260" endtime="20210121 11:28:44.260"></status>
</kw>
<status status="PASS" starttime="20210121 11:28:44.260" endtime="20210121 11:28:44.260"></status>
</kw>
<kw name="${row} = {'First Name': 'Hortensia', 'Last Name': 'Leal', 'Sales': 29530, 'Sales Target': 70000}" type="foritem">
<kw name="Log" library="BuiltIn">
<doc>Logs the given message with the given level.</doc>
<arguments>
<arg>${row}</arg>
</arguments>
<msg timestamp="20210121 11:28:44.261" level="INFO">{'First Name': 'Hortensia', 'Last Name': 'Leal', 'Sales': 29530, 'Sales Target': 70000}</msg>
<status status="PASS" starttime="20210121 11:28:44.261" endtime="20210121 11:28:44.262"></status>
</kw>
<status status="PASS" starttime="20210121 11:28:44.261" endtime="20210121 11:28:44.262"></status>
</kw>
<kw name="${row} = {'First Name': 'Regina', 'Last Name': 'Gurling', 'Sales': 86186, 'Sales Target': 15000}" type="foritem">
<kw name="Log" library="BuiltIn">
<doc>Logs the given message with the given level.</doc>
<arguments>
<arg>${row}</arg>
</arguments>
<msg timestamp="20210121 11:28:44.263" level="INFO">{'First Name': 'Regina', 'Last Name': 'Gurling', 'Sales': 86186, 'Sales Target': 15000}</msg>
<status status="PASS" starttime="20210121 11:28:44.262" endtime="20210121 11:28:44.263"></status>
</kw>
<status status="PASS" starttime="20210121 11:28:44.262" endtime="20210121 11:28:44.263"></status>
</kw>
<kw name="${row} = {'First Name': 'Valenka', 'Last Name': 'Tantrum', 'Sales': 137708, 'Sales Target': 65000}" type="foritem">
<kw name="Log" library="BuiltIn">
<doc>Logs the given message with the given level.</doc>
<arguments>
<arg>${row}</arg>
</arguments>
<msg timestamp="20210121 11:28:44.264" level="INFO">{'First Name': 'Valenka', 'Last Name': 'Tantrum', 'Sales': 137708, 'Sales Target': 65000}</msg>
<status status="PASS" starttime="20210121 11:28:44.263" endtime="20210121 11:28:44.264"></status>
</kw>
<status status="PASS" starttime="20210121 11:28:44.263" endtime="20210121 11:28:44.264"></status>
</kw>
<kw name="${row} = {'First Name': 'Dorie', 'Last Name': 'Batistelli', 'Sales': 42450, 'Sales Target': 95000}" type="foritem">
<kw name="Log" library="BuiltIn">
<doc>Logs the given message with the given level.</doc>
<arguments>
<arg>${row}</arg>
</arguments>
<msg timestamp="20210121 11:28:44.265" level="INFO">{'First Name': 'Dorie', 'Last Name': 'Batistelli', 'Sales': 42450, 'Sales Target': 95000}</msg>
<status status="PASS" starttime="20210121 11:28:44.264" endtime="20210121 11:28:44.265"></status>
</kw>
<status status="PASS" starttime="20210121 11:28:44.264" endtime="20210121 11:28:44.265"></status>
</kw>
<kw name="${row} = {'First Name': 'Abra', 'Last Name': 'Heap', 'Sales': 5937, 'Sales Target': 100000}" type="foritem">
<kw name="Log" library="BuiltIn">
<doc>Logs the given message with the given level.</doc>
<arguments>
<arg>${row}</arg>
</arguments>
<msg timestamp="20210121 11:28:44.266" level="INFO">{'First Name': 'Abra', 'Last Name': 'Heap', 'Sales': 5937, 'Sales Target': 100000}</msg>
<status status="PASS" starttime="20210121 11:28:44.265" endtime="20210121 11:28:44.266"></status>
</kw>
<status status="PASS" starttime="20210121 11:28:44.265" endtime="20210121 11:28:44.266"></status>
</kw>
<kw name="${row} = {'First Name': 'Petronille', 'Last Name': 'Lesor', 'Sales': 54805, 'Sales Target': 85000}" type="foritem">
<kw name="Log" library="BuiltIn">
<doc>Logs the given message with the given level.</doc>
<arguments>
<arg>${row}</arg>
</arguments>
<msg timestamp="20210121 11:28:44.267" level="INFO">{'First Name': 'Petronille', 'Last Name': 'Lesor', 'Sales': 54805, 'Sales Target': 85000}</msg>
<status status="PASS" starttime="20210121 11:28:44.266" endtime="20210121 11:28:44.267"></status>
</kw>
<status status="PASS" starttime="20210121 11:28:44.266" endtime="20210121 11:28:44.267"></status>
</kw>
<kw name="${row} = {'First Name': 'Vincenty', 'Last Name': 'Stannering', 'Sales': 109884, 'Sales Target': 30000}" type="foritem">
<kw name="Log" library="BuiltIn">
<doc>Logs the given message with the given level.</doc>
<arguments>
<arg>${row}</arg>
</arguments>
<msg timestamp="20210121 11:28:44.268" level="INFO">{'First Name': 'Vincenty', 'Last Name': 'Stannering', 'Sales': 109884, 'Sales Target': 30000}</msg>
<status status="PASS" starttime="20210121 11:28:44.268" endtime="20210121 11:28:44.268"></status>
</kw>
<status status="PASS" starttime="20210121 11:28:44.268" endtime="20210121 11:28:44.268"></status>
</kw>
<status status="PASS" starttime="20210121 11:28:44.203" endtime="20210121 11:28:44.269"></status>
</kw>
<status status="PASS" starttime="20210121 11:28:43.313" endtime="20210121 11:28:44.269"></status>
</kw>
<kw name="Fill and submit the form of sale information">
<kw name="log(&quot;ok&quot;)">
<msg timestamp="20210121 11:28:44.281" level="FAIL">No keyword with name 'log("ok")' found.</msg>
<status status="FAIL" starttime="20210121 11:28:44.280" endtime="20210121 11:28:44.281"></status>
</kw>
<status status="FAIL" starttime="20210121 11:28:44.271" endtime="20210121 11:28:44.281"></status>
</kw>
<tags>
<tag>accomplish maria task</tag>
</tags>
<status status="FAIL" starttime="20210121 11:28:32.222" endtime="20210121 11:28:44.283" critical="yes">No keyword with name 'log("ok")' found.</status>
</test>
<doc>Acomplish maria weekly task that consist to download a file and fill a web page</doc>
<status status="FAIL" starttime="20210121 11:28:31.183" endtime="20210121 11:28:44.290"></status>
</suite>
<statistics>
<total>
<stat pass="0" fail="1">Critical Tasks</stat>
<stat pass="0" fail="1">All Tasks</stat>
</total>
<tag>
<stat pass="0" fail="1">accomplish maria task</stat>
</tag>
<suite>
<stat pass="0" fail="1" id="s1" name="Tasks">Tasks</stat>
</suite>
</statistics>
<errors>
<msg timestamp="20210121 11:28:31.536" level="WARN">This is a deprecated import that will be removed in favor of RPA.Browser.Selenium</msg>
</errors>
</robot>
